14:48:29 **** Incremental Build of configuration Debug for project ODC_TEST ****
make all 
Building file: ../MCAL/M_Timer_Driver/M_Timer_Driver.c
Invoking: AVR Compiler
avr-gcc -Wall -g2 -gstabs -O0 -fpack-struct -fshort-enums -ffunction-sections -fdata-sections -std=gnu99 -funsigned-char -funsigned-bitfields -mmcu=atmega32 -DF_CPU=1000000UL -MMD -MP -MF"MCAL/M_Timer_Driver/M_Timer_Driver.d" -MT"MCAL/M_Timer_Driver/M_Timer_Driver.o" -c -o "MCAL/M_Timer_Driver/M_Timer_Driver.o" "../MCAL/M_Timer_Driver/M_Timer_Driver.c"
../MCAL/M_Timer_Driver/M_Timer_Driver.c: In function 'M_Timer_Init_Interrupt_Normal':
../MCAL/M_Timer_Driver/M_Timer_Driver.c:14: warning: unused variable 'initial_value'
Finished building: ../MCAL/M_Timer_Driver/M_Timer_Driver.c
 
Building file: ../main.c
Invoking: AVR Compiler
avr-gcc -Wall -g2 -gstabs -O0 -fpack-struct -fshort-enums -ffunction-sections -fdata-sections -std=gnu99 -funsigned-char -funsigned-bitfields -mmcu=atmega32 -DF_CPU=1000000UL -MMD -MP -MF"main.d" -MT"main.o" -c -o "main.o" "../main.c"
In file included from ../main.c:4:
e:/embedded/amit/uart_tools/sdk_win_64/sdk_win_64/winavr/lib/gcc/../../avr/include/util/delay.h:90:3: warning: #warning "Compiler optimizations disabled; functions from <util/delay.h> won't work as designed"
../main.c:44: warning: return type defaults to 'int'
../main.c: In function 'ISR':
../main.c:44: warning: type of 'TIMER0_OVF_vect' defaults to 'int'
../main.c:46: warning: control reaches end of non-void function
Finished building: ../main.c
 
Building target: ODC_TEST.elf
Invoking: AVR C Linker
avr-gcc -Wl,-Map,ODC_TEST.map -mmcu=atmega32 -o "ODC_TEST.elf"  ./MCAL/M_Timer_Driver/M_Timer_Driver.o  ./MCAL/M_DIO_Driver/M_DIO_Init.o  ./HAL/H_Seven_Segment/H_Seven_Segment.o  ./HAL/H_LCD_Driver/H_LCD.o  ./HAL/H_KeyPad_Driver/H_KeyPad.o  ./main.o   
Finished building target: ODC_TEST.elf
 
Invoking: AVR Create Extended Listing
avr-objdump -h -S ODC_TEST.elf  >"ODC_TEST.lss"
Finished building: ODC_TEST.lss
 
Invoking: Print Size
avr-size --format=avr --mcu=atmega32 ODC_TEST.elf
AVR Memory Usage
----------------
Device: atmega32

Program:   11166 bytes (34.1% Full)
(.text + .data + .bootloader)

Data:        285 bytes (13.9% Full)
(.data + .bss + .noinit)


Finished building: sizedummy
 
14:48:40 **** Incremental Build of configuration Debug for project ODC_TEST ****
make all 
Invoking: Print Size
avr-size --format=avr --mcu=atmega32 ODC_TEST.elf
AVR Memory Usage
----------------
Device: atmega32

Program:   11166 bytes (34.1% Full)
(.text + .data + .bootloader)

Data:        285 bytes (13.9% Full)
(.data + .bss + .noinit)


Finished building: sizedummy
 
14:48:53 **** Incremental Build of configuration Debug for project ODC_TEST ****
make all 
Invoking: Print Size
avr-size --format=avr --mcu=atmega32 ODC_TEST.elf
AVR Memory Usage
----------------
Device: atmega32

Program:   11166 bytes (34.1% Full)
(.text + .data + .bootloader)

Data:        285 bytes (13.9% Full)
(.data + .bss + .noinit)


Finished building: sizedummy
 
14:48:57 **** Incremental Build of configuration Debug for project ODC_TEST ****
make all 
Invoking: Print Size
avr-size --format=avr --mcu=atmega32 ODC_TEST.elf
AVR Memory Usage
----------------
Device: atmega32

Program:   11166 bytes (34.1% Full)
(.text + .data + .bootloader)

Data:        285 bytes (13.9% Full)
(.data + .bss + .noinit)


Finished building: sizedummy
 
14:50:50 **** Incremental Build of configuration Debug for project ODC_TEST ****
make all 
Building file: ../MCAL/M_Timer_Driver/M_Timer_Driver.c
Invoking: AVR Compiler
avr-gcc -Wall -g2 -gstabs -O0 -fpack-struct -fshort-enums -ffunction-sections -fdata-sections -std=gnu99 -funsigned-char -funsigned-bitfields -mmcu=atmega32 -DF_CPU=1000000UL -MMD -MP -MF"MCAL/M_Timer_Driver/M_Timer_Driver.d" -MT"MCAL/M_Timer_Driver/M_Timer_Driver.o" -c -o "MCAL/M_Timer_Driver/M_Timer_Driver.o" "../MCAL/M_Timer_Driver/M_Timer_Driver.c"
../MCAL/M_Timer_Driver/M_Timer_Driver.c: In function 'M_Timer_Init_Interrupt_Normal':
../MCAL/M_Timer_Driver/M_Timer_Driver.c:14: warning: unused variable 'initial_value'
Finished building: ../MCAL/M_Timer_Driver/M_Timer_Driver.c
 
Building file: ../main.c
Invoking: AVR Compiler
avr-gcc -Wall -g2 -gstabs -O0 -fpack-struct -fshort-enums -ffunction-sections -fdata-sections -std=gnu99 -funsigned-char -funsigned-bitfields -mmcu=atmega32 -DF_CPU=1000000UL -MMD -MP -MF"main.d" -MT"main.o" -c -o "main.o" "../main.c"
In file included from ../main.c:4:
e:/embedded/amit/uart_tools/sdk_win_64/sdk_win_64/winavr/lib/gcc/../../avr/include/util/delay.h:90:3: warning: #warning "Compiler optimizations disabled; functions from <util/delay.h> won't work as designed"
../main.c: In function 'main':
../main.c:15: warning: implicit declaration of function 'M_Timer_Init_Interrupt_Normal'
../main.c: At top level:
../main.c:45: warning: return type defaults to 'int'
../main.c: In function 'ISR':
../main.c:45: warning: type of 'TIMER0_OVF_vect' defaults to 'int'
../main.c:47: warning: control reaches end of non-void function
Finished building: ../main.c
 
Building target: ODC_TEST.elf
Invoking: AVR C Linker
avr-gcc -Wl,-Map,ODC_TEST.map -mmcu=atmega32 -o "ODC_TEST.elf"  ./MCAL/M_Timer_Driver/M_Timer_Driver.o  ./MCAL/M_DIO_Driver/M_DIO_Init.o  ./HAL/H_Seven_Segment/H_Seven_Segment.o  ./HAL/H_LCD_Driver/H_LCD.o  ./HAL/H_KeyPad_Driver/H_KeyPad.o  ./main.o   
Finished building target: ODC_TEST.elf
 
Invoking: AVR Create Extended Listing
avr-objdump -h -S ODC_TEST.elf  >"ODC_TEST.lss"
Finished building: ODC_TEST.lss
 
Invoking: Print Size
avr-size --format=avr --mcu=atmega32 ODC_TEST.elf
AVR Memory Usage
----------------
Device: atmega32

Program:   11214 bytes (34.2% Full)
(.text + .data + .bootloader)

Data:        285 bytes (13.9% Full)
(.data + .bss + .noinit)


Finished building: sizedummy
 
14:51:27 **** Incremental Build of configuration Debug for project ODC_TEST ****
make all 
Building file: ../main.c
Invoking: AVR Compiler
avr-gcc -Wall -g2 -gstabs -O0 -fpack-struct -fshort-enums -ffunction-sections -fdata-sections -std=gnu99 -funsigned-char -funsigned-bitfields -mmcu=atmega32 -DF_CPU=1000000UL -MMD -MP -MF"main.d" -MT"main.o" -c -o "main.o" "../main.c"
In file included from ../main.c:4:
e:/embedded/amit/uart_tools/sdk_win_64/sdk_win_64/winavr/lib/gcc/../../avr/include/util/delay.h:90:3: warning: #warning "Compiler optimizations disabled; functions from <util/delay.h> won't work as designed"
../main.c:45: warning: return type defaults to 'int'
../main.c: In function 'ISR':
../main.c:45: warning: type of 'TIMER0_OVF_vect' defaults to 'int'
../main.c:47: warning: control reaches end of non-void function
Finished building: ../main.c
 
Building target: ODC_TEST.elf
Invoking: AVR C Linker
avr-gcc -Wl,-Map,ODC_TEST.map -mmcu=atmega32 -o "ODC_TEST.elf"  ./MCAL/M_Timer_Driver/M_Timer_Driver.o  ./MCAL/M_DIO_Driver/M_DIO_Init.o  ./HAL/H_Seven_Segment/H_Seven_Segment.o  ./HAL/H_LCD_Driver/H_LCD.o  ./HAL/H_KeyPad_Driver/H_KeyPad.o  ./main.o   
Finished building target: ODC_TEST.elf
 
Invoking: AVR Create Extended Listing
avr-objdump -h -S ODC_TEST.elf  >"ODC_TEST.lss"
Finished building: ODC_TEST.lss
 
Invoking: Print Size
avr-size --format=avr --mcu=atmega32 ODC_TEST.elf
AVR Memory Usage
----------------
Device: atmega32

Program:   11202 bytes (34.2% Full)
(.text + .data + .bootloader)

Data:        285 bytes (13.9% Full)
(.data + .bss + .noinit)


Finished building: sizedummy
 
14:52:53 **** Incremental Build of configuration Debug for project ODC_TEST ****
make all 
Building file: ../main.c
Invoking: AVR Compiler
avr-gcc -Wall -g2 -gstabs -O0 -fpack-struct -fshort-enums -ffunction-sections -fdata-sections -std=gnu99 -funsigned-char -funsigned-bitfields -mmcu=atmega32 -DF_CPU=1000000UL -MMD -MP -MF"main.d" -MT"main.o" -c -o "main.o" "../main.c"
In file included from ../main.c:5:
e:/embedded/amit/uart_tools/sdk_win_64/sdk_win_64/winavr/lib/gcc/../../avr/include/util/delay.h:90:3: warning: #warning "Compiler optimizations disabled; functions from <util/delay.h> won't work as designed"
../main.c:46: warning: return type defaults to 'int'
../main.c: In function 'ISR':
../main.c:46: warning: type of 'TIMER0_OVF_vect' defaults to 'int'
../main.c:48: warning: control reaches end of non-void function
Finished building: ../main.c
 
Building target: ODC_TEST.elf
Invoking: AVR C Linker
avr-gcc -Wl,-Map,ODC_TEST.map -mmcu=atmega32 -o "ODC_TEST.elf"  ./MCAL/M_Timer_Driver/M_Timer_Driver.o  ./MCAL/M_DIO_Driver/M_DIO_Init.o  ./HAL/H_Seven_Segment/H_Seven_Segment.o  ./HAL/H_LCD_Driver/H_LCD.o  ./HAL/H_KeyPad_Driver/H_KeyPad.o  ./main.o   
Finished building target: ODC_TEST.elf
 
Invoking: AVR Create Extended Listing
avr-objdump -h -S ODC_TEST.elf  >"ODC_TEST.lss"
Finished building: ODC_TEST.lss
 
Invoking: Print Size
avr-size --format=avr --mcu=atmega32 ODC_TEST.elf
AVR Memory Usage
----------------
Device: atmega32

Program:   11214 bytes (34.2% Full)
(.text + .data + .bootloader)

Data:        285 bytes (13.9% Full)
(.data + .bss + .noinit)


Finished building: sizedummy
 
14:53:49 **** Incremental Build of configuration Debug for project ODC_TEST ****
make all 
Invoking: Print Size
avr-size --format=avr --mcu=atmega32 ODC_TEST.elf
AVR Memory Usage
----------------
Device: atmega32

Program:   11214 bytes (34.2% Full)
(.text + .data + .bootloader)

Data:        285 bytes (13.9% Full)
(.data + .bss + .noinit)


Finished building: sizedummy
 
14:53:53 **** Incremental Build of configuration Debug for project ODC_TEST ****
make all 
Invoking: Print Size
avr-size --format=avr --mcu=atmega32 ODC_TEST.elf
AVR Memory Usage
----------------
Device: atmega32

Program:   11214 bytes (34.2% Full)
(.text + .data + .bootloader)

Data:        285 bytes (13.9% Full)
(.data + .bss + .noinit)


Finished building: sizedummy
 
14:58:26 **** Incremental Build of configuration Debug for project ODC_TEST ****
make all 
Building file: ../MCAL/M_Timer_Driver/M_Timer_Driver.c
Invoking: AVR Compiler
avr-gcc -Wall -g2 -gstabs -O0 -fpack-struct -fshort-enums -ffunction-sections -fdata-sections -std=gnu99 -funsigned-char -funsigned-bitfields -mmcu=atmega32 -DF_CPU=1000000UL -MMD -MP -MF"MCAL/M_Timer_Driver/M_Timer_Driver.d" -MT"MCAL/M_Timer_Driver/M_Timer_Driver.o" -c -o "MCAL/M_Timer_Driver/M_Timer_Driver.o" "../MCAL/M_Timer_Driver/M_Timer_Driver.c"
../MCAL/M_Timer_Driver/M_Timer_Driver.c: In function 'M_Timer_Init_Interrupt_Normal':
../MCAL/M_Timer_Driver/M_Timer_Driver.c:14: warning: unused variable 'initial_value'
Finished building: ../MCAL/M_Timer_Driver/M_Timer_Driver.c
 
Building file: ../main.c
Invoking: AVR Compiler
avr-gcc -Wall -g2 -gstabs -O0 -fpack-struct -fshort-enums -ffunction-sections -fdata-sections -std=gnu99 -funsigned-char -funsigned-bitfields -mmcu=atmega32 -DF_CPU=1000000UL -MMD -MP -MF"main.d" -MT"main.o" -c -o "main.o" "../main.c"
In file included from ../main.c:5:
e:/embedded/amit/uart_tools/sdk_win_64/sdk_win_64/winavr/lib/gcc/../../avr/include/util/delay.h:90:3: warning: #warning "Compiler optimizations disabled; functions from <util/delay.h> won't work as designed"
../main.c: In function 'main':
../main.c:20: warning: implicit declaration of function 'SET_bit'
Finished building: ../main.c
 
Building target: ODC_TEST.elf
Invoking: AVR C Linker
avr-gcc -Wl,-Map,ODC_TEST.map -mmcu=atmega32 -o "ODC_TEST.elf"  ./MCAL/M_Timer_Driver/M_Timer_Driver.o  ./MCAL/M_DIO_Driver/M_DIO_Init.o  ./HAL/H_Seven_Segment/H_Seven_Segment.o  ./HAL/H_LCD_Driver/H_LCD.o  ./HAL/H_KeyPad_Driver/H_KeyPad.o  ./main.o   
./main.o: In function `delay':
../main.c:13: undefined reference to `SET_bit'
make: *** [ODC_TEST.elf] Error 1
14:58:50 **** Incremental Build of configuration Debug for project ODC_TEST ****
make all 
Building file: ../main.c
Invoking: AVR Compiler
avr-gcc -Wall -g2 -gstabs -O0 -fpack-struct -fshort-enums -ffunction-sections -fdata-sections -std=gnu99 -funsigned-char -funsigned-bitfields -mmcu=atmega32 -DF_CPU=1000000UL -MMD -MP -MF"main.d" -MT"main.o" -c -o "main.o" "../main.c"
In file included from ../main.c:5:
e:/embedded/amit/uart_tools/sdk_win_64/sdk_win_64/winavr/lib/gcc/../../avr/include/util/delay.h:90:3: warning: #warning "Compiler optimizations disabled; functions from <util/delay.h> won't work as designed"
Finished building: ../main.c
 
Building target: ODC_TEST.elf
Invoking: AVR C Linker
avr-gcc -Wl,-Map,ODC_TEST.map -mmcu=atmega32 -o "ODC_TEST.elf"  ./MCAL/M_Timer_Driver/M_Timer_Driver.o  ./MCAL/M_DIO_Driver/M_DIO_Init.o  ./HAL/H_Seven_Segment/H_Seven_Segment.o  ./HAL/H_LCD_Driver/H_LCD.o  ./HAL/H_KeyPad_Driver/H_KeyPad.o  ./main.o   
Finished building target: ODC_TEST.elf
 
Invoking: AVR Create Extended Listing
avr-objdump -h -S ODC_TEST.elf  >"ODC_TEST.lss"
Finished building: ODC_TEST.lss
 
Invoking: Print Size
avr-size --format=avr --mcu=atmega32 ODC_TEST.elf
AVR Memory Usage
----------------
Device: atmega32

Program:   11042 bytes (33.7% Full)
(.text + .data + .bootloader)

Data:        285 bytes (13.9% Full)
(.data + .bss + .noinit)


Finished building: sizedummy
 
14:59:25 **** Incremental Build of configuration Debug for project ODC_TEST ****
make all 
Building file: ../MCAL/M_Timer_Driver/M_Timer_Driver.c
Invoking: AVR Compiler
avr-gcc -Wall -g2 -gstabs -O0 -fpack-struct -fshort-enums -ffunction-sections -fdata-sections -std=gnu99 -funsigned-char -funsigned-bitfields -mmcu=atmega32 -DF_CPU=1000000UL -MMD -MP -MF"MCAL/M_Timer_Driver/M_Timer_Driver.d" -MT"MCAL/M_Timer_Driver/M_Timer_Driver.o" -c -o "MCAL/M_Timer_Driver/M_Timer_Driver.o" "../MCAL/M_Timer_Driver/M_Timer_Driver.c"
../MCAL/M_Timer_Driver/M_Timer_Driver.c: In function 'M_Timer_Init_Interrupt_Normal':
../MCAL/M_Timer_Driver/M_Timer_Driver.c:14: warning: unused variable 'initial_value'
Finished building: ../MCAL/M_Timer_Driver/M_Timer_Driver.c
 
Building file: ../main.c
Invoking: AVR Compiler
avr-gcc -Wall -g2 -gstabs -O0 -fpack-struct -fshort-enums -ffunction-sections -fdata-sections -std=gnu99 -funsigned-char -funsigned-bitfields -mmcu=atmega32 -DF_CPU=1000000UL -MMD -MP -MF"main.d" -MT"main.o" -c -o "main.o" "../main.c"
In file included from ../main.c:5:
e:/embedded/amit/uart_tools/sdk_win_64/sdk_win_64/winavr/lib/gcc/../../avr/include/util/delay.h:90:3: warning: #warning "Compiler optimizations disabled; functions from <util/delay.h> won't work as designed"
Finished building: ../main.c
 
Building target: ODC_TEST.elf
Invoking: AVR C Linker
avr-gcc -Wl,-Map,ODC_TEST.map -mmcu=atmega32 -o "ODC_TEST.elf"  ./MCAL/M_Timer_Driver/M_Timer_Driver.o  ./MCAL/M_DIO_Driver/M_DIO_Init.o  ./HAL/H_Seven_Segment/H_Seven_Segment.o  ./HAL/H_LCD_Driver/H_LCD.o  ./HAL/H_KeyPad_Driver/H_KeyPad.o  ./main.o   
Finished building target: ODC_TEST.elf
 
Invoking: AVR Create Extended Listing
avr-objdump -h -S ODC_TEST.elf  >"ODC_TEST.lss"
Finished building: ODC_TEST.lss
 
Invoking: Print Size
avr-size --format=avr --mcu=atmega32 ODC_TEST.elf
AVR Memory Usage
----------------
Device: atmega32

Program:   11042 bytes (33.7% Full)
(.text + .data + .bootloader)

Data:        285 bytes (13.9% Full)
(.data + .bss + .noinit)


Finished building: sizedummy
 
14:59:33 **** Incremental Build of configuration Debug for project ODC_TEST ****
make all 
Invoking: Print Size
avr-size --format=avr --mcu=atmega32 ODC_TEST.elf
AVR Memory Usage
----------------
Device: atmega32

Program:   11042 bytes (33.7% Full)
(.text + .data + .bootloader)

Data:        285 bytes (13.9% Full)
(.data + .bss + .noinit)


Finished building: sizedummy
 
15:01:55 **** Incremental Build of configuration Debug for project ODC_TEST ****
make all 
Building file: ../main.c
Invoking: AVR Compiler
avr-gcc -Wall -g2 -gstabs -O0 -fpack-struct -fshort-enums -ffunction-sections -fdata-sections -std=gnu99 -funsigned-char -funsigned-bitfields -mmcu=atmega32 -DF_CPU=1000000UL -MMD -MP -MF"main.d" -MT"main.o" -c -o "main.o" "../main.c"
In file included from ../main.c:5:
e:/embedded/amit/uart_tools/sdk_win_64/sdk_win_64/winavr/lib/gcc/../../avr/include/util/delay.h:90:3: warning: #warning "Compiler optimizations disabled; functions from <util/delay.h> won't work as designed"
Finished building: ../main.c
 
Building target: ODC_TEST.elf
Invoking: AVR C Linker
avr-gcc -Wl,-Map,ODC_TEST.map -mmcu=atmega32 -o "ODC_TEST.elf"  ./MCAL/M_Timer_Driver/M_Timer_Driver.o  ./MCAL/M_DIO_Driver/M_DIO_Init.o  ./HAL/H_Seven_Segment/H_Seven_Segment.o  ./HAL/H_LCD_Driver/H_LCD.o  ./HAL/H_KeyPad_Driver/H_KeyPad.o  ./main.o   
Finished building target: ODC_TEST.elf
 
Invoking: AVR Create Extended Listing
avr-objdump -h -S ODC_TEST.elf  >"ODC_TEST.lss"
Finished building: ODC_TEST.lss
 
Invoking: Print Size
avr-size --format=avr --mcu=atmega32 ODC_TEST.elf
AVR Memory Usage
----------------
Device: atmega32

Program:   11076 bytes (33.8% Full)
(.text + .data + .bootloader)

Data:        286 bytes (14.0% Full)
(.data + .bss + .noinit)


Finished building: sizedummy
 
15:02:26 **** Incremental Build of configuration Debug for project ODC_TEST ****
make all 
Invoking: Print Size
avr-size --format=avr --mcu=atmega32 ODC_TEST.elf
AVR Memory Usage
----------------
Device: atmega32

Program:   11076 bytes (33.8% Full)
(.text + .data + .bootloader)

Data:        286 bytes (14.0% Full)
(.data + .bss + .noinit)


Finished building: sizedummy
 
15:02:45 **** Incremental Build of configuration Debug for project ODC_TEST ****
make all 
Invoking: Print Size
avr-size --format=avr --mcu=atmega32 ODC_TEST.elf
AVR Memory Usage
----------------
Device: atmega32

Program:   11076 bytes (33.8% Full)
(.text + .data + .bootloader)

Data:        286 bytes (14.0% Full)
(.data + .bss + .noinit)


Finished building: sizedummy
 
15:06:06 **** Incremental Build of configuration Debug for project ODC_TEST ****
make all 
Building file: ../MCAL/M_Timer_Driver/M_Timer_Driver.c
Invoking: AVR Compiler
avr-gcc -Wall -g2 -gstabs -O0 -fpack-struct -fshort-enums -ffunction-sections -fdata-sections -std=gnu99 -funsigned-char -funsigned-bitfields -mmcu=atmega32 -DF_CPU=1000000UL -MMD -MP -MF"MCAL/M_Timer_Driver/M_Timer_Driver.d" -MT"MCAL/M_Timer_Driver/M_Timer_Driver.o" -c -o "MCAL/M_Timer_Driver/M_Timer_Driver.o" "../MCAL/M_Timer_Driver/M_Timer_Driver.c"
../MCAL/M_Timer_Driver/M_Timer_Driver.c: In function 'M_Timer_Init_Interrupt_Normal':
../MCAL/M_Timer_Driver/M_Timer_Driver.c:14: warning: unused variable 'initial_value'
Finished building: ../MCAL/M_Timer_Driver/M_Timer_Driver.c
 
Building file: ../main.c
Invoking: AVR Compiler
avr-gcc -Wall -g2 -gstabs -O0 -fpack-struct -fshort-enums -ffunction-sections -fdata-sections -std=gnu99 -funsigned-char -funsigned-bitfields -mmcu=atmega32 -DF_CPU=1000000UL -MMD -MP -MF"main.d" -MT"main.o" -c -o "main.o" "../main.c"
In file included from ../main.c:5:
e:/embedded/amit/uart_tools/sdk_win_64/sdk_win_64/winavr/lib/gcc/../../avr/include/util/delay.h:90:3: warning: #warning "Compiler optimizations disabled; functions from <util/delay.h> won't work as designed"
Finished building: ../main.c
 
Building target: ODC_TEST.elf
Invoking: AVR C Linker
avr-gcc -Wl,-Map,ODC_TEST.map -mmcu=atmega32 -o "ODC_TEST.elf"  ./MCAL/M_Timer_Driver/M_Timer_Driver.o  ./MCAL/M_DIO_Driver/M_DIO_Init.o  ./HAL/H_Seven_Segment/H_Seven_Segment.o  ./HAL/H_LCD_Driver/H_LCD.o  ./HAL/H_KeyPad_Driver/H_KeyPad.o  ./main.o   
Finished building target: ODC_TEST.elf
 
Invoking: AVR Create Extended Listing
avr-objdump -h -S ODC_TEST.elf  >"ODC_TEST.lss"
Finished building: ODC_TEST.lss
 
Invoking: Print Size
avr-size --format=avr --mcu=atmega32 ODC_TEST.elf
AVR Memory Usage
----------------
Device: atmega32

Program:   11048 bytes (33.7% Full)
(.text + .data + .bootloader)

Data:        286 bytes (14.0% Full)
(.data + .bss + .noinit)


Finished building: sizedummy
 
15:07:36 **** Incremental Build of configuration Debug for project ODC_TEST ****
make all 
Building file: ../MCAL/M_Timer_Driver/M_Timer_Driver.c
Invoking: AVR Compiler
avr-gcc -Wall -g2 -gstabs -O0 -fpack-struct -fshort-enums -ffunction-sections -fdata-sections -std=gnu99 -funsigned-char -funsigned-bitfields -mmcu=atmega32 -DF_CPU=1000000UL -MMD -MP -MF"MCAL/M_Timer_Driver/M_Timer_Driver.d" -MT"MCAL/M_Timer_Driver/M_Timer_Driver.o" -c -o "MCAL/M_Timer_Driver/M_Timer_Driver.o" "../MCAL/M_Timer_Driver/M_Timer_Driver.c"
Finished building: ../MCAL/M_Timer_Driver/M_Timer_Driver.c
 
Building file: ../main.c
Invoking: AVR Compiler
avr-gcc -Wall -g2 -gstabs -O0 -fpack-struct -fshort-enums -ffunction-sections -fdata-sections -std=gnu99 -funsigned-char -funsigned-bitfields -mmcu=atmega32 -DF_CPU=1000000UL -MMD -MP -MF"main.d" -MT"main.o" -c -o "main.o" "../main.c"
In file included from ../main.c:5:
e:/embedded/amit/uart_tools/sdk_win_64/sdk_win_64/winavr/lib/gcc/../../avr/include/util/delay.h:90:3: warning: #warning "Compiler optimizations disabled; functions from <util/delay.h> won't work as designed"
../main.c: In function 'main':
../main.c:28: error: 'counter2' undeclared (first use in this function)
../main.c:28: error: (Each undeclared identifier is reported only once
../main.c:28: error: for each function it appears in.)
make: *** [main.o] Error 1
15:08:14 **** Incremental Build of configuration Debug for project ODC_TEST ****
make all 
Building file: ../main.c
Invoking: AVR Compiler
avr-gcc -Wall -g2 -gstabs -O0 -fpack-struct -fshort-enums -ffunction-sections -fdata-sections -std=gnu99 -funsigned-char -funsigned-bitfields -mmcu=atmega32 -DF_CPU=1000000UL -MMD -MP -MF"main.d" -MT"main.o" -c -o "main.o" "../main.c"
In file included from ../main.c:5:
e:/embedded/amit/uart_tools/sdk_win_64/sdk_win_64/winavr/lib/gcc/../../avr/include/util/delay.h:90:3: warning: #warning "Compiler optimizations disabled; functions from <util/delay.h> won't work as designed"
../main.c: In function 'main':
../main.c:28: error: 'counter2' undeclared (first use in this function)
../main.c:28: error: (Each undeclared identifier is reported only once
../main.c:28: error: for each function it appears in.)
make: *** [main.o] Error 1
15:08:38 **** Incremental Build of configuration Debug for project ODC_TEST ****
make all 
Building file: ../main.c
Invoking: AVR Compiler
avr-gcc -Wall -g2 -gstabs -O0 -fpack-struct -fshort-enums -ffunction-sections -fdata-sections -std=gnu99 -funsigned-char -funsigned-bitfields -mmcu=atmega32 -DF_CPU=1000000UL -MMD -MP -MF"main.d" -MT"main.o" -c -o "main.o" "../main.c"
In file included from ../main.c:5:
e:/embedded/amit/uart_tools/sdk_win_64/sdk_win_64/winavr/lib/gcc/../../avr/include/util/delay.h:90:3: warning: #warning "Compiler optimizations disabled; functions from <util/delay.h> won't work as designed"
Finished building: ../main.c
 
Building target: ODC_TEST.elf
Invoking: AVR C Linker
avr-gcc -Wl,-Map,ODC_TEST.map -mmcu=atmega32 -o "ODC_TEST.elf"  ./MCAL/M_Timer_Driver/M_Timer_Driver.o  ./MCAL/M_DIO_Driver/M_DIO_Init.o  ./HAL/H_Seven_Segment/H_Seven_Segment.o  ./HAL/H_LCD_Driver/H_LCD.o  ./HAL/H_KeyPad_Driver/H_KeyPad.o  ./main.o   
Finished building target: ODC_TEST.elf
 
Invoking: AVR Create Extended Listing
avr-objdump -h -S ODC_TEST.elf  >"ODC_TEST.lss"
Finished building: ODC_TEST.lss
 
Invoking: Print Size
avr-size --format=avr --mcu=atmega32 ODC_TEST.elf
AVR Memory Usage
----------------
Device: atmega32

Program:   11040 bytes (33.7% Full)
(.text + .data + .bootloader)

Data:        285 bytes (13.9% Full)
(.data + .bss + .noinit)


Finished building: sizedummy
 
15:09:49 **** Incremental Build of configuration Debug for project ODC_TEST ****
make all 
Building file: ../MCAL/M_Timer_Driver/M_Timer_Driver.c
Invoking: AVR Compiler
avr-gcc -Wall -g2 -gstabs -O0 -fpack-struct -fshort-enums -ffunction-sections -fdata-sections -std=gnu99 -funsigned-char -funsigned-bitfields -mmcu=atmega32 -DF_CPU=1000000UL -MMD -MP -MF"MCAL/M_Timer_Driver/M_Timer_Driver.d" -MT"MCAL/M_Timer_Driver/M_Timer_Driver.o" -c -o "MCAL/M_Timer_Driver/M_Timer_Driver.o" "../MCAL/M_Timer_Driver/M_Timer_Driver.c"
Finished building: ../MCAL/M_Timer_Driver/M_Timer_Driver.c
 
Building target: ODC_TEST.elf
Invoking: AVR C Linker
avr-gcc -Wl,-Map,ODC_TEST.map -mmcu=atmega32 -o "ODC_TEST.elf"  ./MCAL/M_Timer_Driver/M_Timer_Driver.o  ./MCAL/M_DIO_Driver/M_DIO_Init.o  ./HAL/H_Seven_Segment/H_Seven_Segment.o  ./HAL/H_LCD_Driver/H_LCD.o  ./HAL/H_KeyPad_Driver/H_KeyPad.o  ./main.o   
Finished building target: ODC_TEST.elf
 
Invoking: AVR Create Extended Listing
avr-objdump -h -S ODC_TEST.elf  >"ODC_TEST.lss"
Finished building: ODC_TEST.lss
 
Invoking: Print Size
avr-size --format=avr --mcu=atmega32 ODC_TEST.elf
AVR Memory Usage
----------------
Device: atmega32

Program:   10914 bytes (33.3% Full)
(.text + .data + .bootloader)

Data:        285 bytes (13.9% Full)
(.data + .bss + .noinit)


Finished building: sizedummy
 
15:10:10 **** Incremental Build of configuration Debug for project ODC_TEST ****
make all 
Building file: ../main.c
Invoking: AVR Compiler
avr-gcc -Wall -g2 -gstabs -O0 -fpack-struct -fshort-enums -ffunction-sections -fdata-sections -std=gnu99 -funsigned-char -funsigned-bitfields -mmcu=atmega32 -DF_CPU=1000000UL -MMD -MP -MF"main.d" -MT"main.o" -c -o "main.o" "../main.c"
In file included from ../main.c:5:
e:/embedded/amit/uart_tools/sdk_win_64/sdk_win_64/winavr/lib/gcc/../../avr/include/util/delay.h:90:3: warning: #warning "Compiler optimizations disabled; functions from <util/delay.h> won't work as designed"
Finished building: ../main.c
 
Building target: ODC_TEST.elf
Invoking: AVR C Linker
avr-gcc -Wl,-Map,ODC_TEST.map -mmcu=atmega32 -o "ODC_TEST.elf"  ./MCAL/M_Timer_Driver/M_Timer_Driver.o  ./MCAL/M_DIO_Driver/M_DIO_Init.o  ./HAL/H_Seven_Segment/H_Seven_Segment.o  ./HAL/H_LCD_Driver/H_LCD.o  ./HAL/H_KeyPad_Driver/H_KeyPad.o  ./main.o   
Finished building target: ODC_TEST.elf
 
Invoking: AVR Create Extended Listing
avr-objdump -h -S ODC_TEST.elf  >"ODC_TEST.lss"
Finished building: ODC_TEST.lss
 
Invoking: Print Size
avr-size --format=avr --mcu=atmega32 ODC_TEST.elf
AVR Memory Usage
----------------
Device: atmega32

Program:   10914 bytes (33.3% Full)
(.text + .data + .bootloader)

Data:        285 bytes (13.9% Full)
(.data + .bss + .noinit)


Finished building: sizedummy
 
15:11:35 **** Incremental Build of configuration Debug for project ODC_TEST ****
make all 
Building file: ../MCAL/M_Timer_Driver/M_Timer_Driver.c
Invoking: AVR Compiler
avr-gcc -Wall -g2 -gstabs -O0 -fpack-struct -fshort-enums -ffunction-sections -fdata-sections -std=gnu99 -funsigned-char -funsigned-bitfields -mmcu=atmega32 -DF_CPU=1000000UL -MMD -MP -MF"MCAL/M_Timer_Driver/M_Timer_Driver.d" -MT"MCAL/M_Timer_Driver/M_Timer_Driver.o" -c -o "MCAL/M_Timer_Driver/M_Timer_Driver.o" "../MCAL/M_Timer_Driver/M_Timer_Driver.c"
Finished building: ../MCAL/M_Timer_Driver/M_Timer_Driver.c
 
Building target: ODC_TEST.elf
Invoking: AVR C Linker
avr-gcc -Wl,-Map,ODC_TEST.map -mmcu=atmega32 -o "ODC_TEST.elf"  ./MCAL/M_Timer_Driver/M_Timer_Driver.o  ./MCAL/M_DIO_Driver/M_DIO_Init.o  ./HAL/H_Seven_Segment/H_Seven_Segment.o  ./HAL/H_LCD_Driver/H_LCD.o  ./HAL/H_KeyPad_Driver/H_KeyPad.o  ./main.o   
Finished building target: ODC_TEST.elf
 
Invoking: AVR Create Extended Listing
avr-objdump -h -S ODC_TEST.elf  >"ODC_TEST.lss"
Finished building: ODC_TEST.lss
 
Invoking: Print Size
avr-size --format=avr --mcu=atmega32 ODC_TEST.elf
AVR Memory Usage
----------------
Device: atmega32

Program:   10914 bytes (33.3% Full)
(.text + .data + .bootloader)

Data:        285 bytes (13.9% Full)
(.data + .bss + .noinit)


Finished building: sizedummy
 
15:11:56 **** Incremental Build of configuration Debug for project ODC_TEST ****
make all 
Invoking: Print Size
avr-size --format=avr --mcu=atmega32 ODC_TEST.elf
AVR Memory Usage
----------------
Device: atmega32

Program:   10914 bytes (33.3% Full)
(.text + .data + .bootloader)

Data:        285 bytes (13.9% Full)
(.data + .bss + .noinit)


Finished building: sizedummy
 
15:11:59 **** Incremental Build of configuration Debug for project ODC_TEST ****
make all 
Building file: ../main.c
Invoking: AVR Compiler
avr-gcc -Wall -g2 -gstabs -O0 -fpack-struct -fshort-enums -ffunction-sections -fdata-sections -std=gnu99 -funsigned-char -funsigned-bitfields -mmcu=atmega32 -DF_CPU=1000000UL -MMD -MP -MF"main.d" -MT"main.o" -c -o "main.o" "../main.c"
In file included from ../main.c:5:
e:/embedded/amit/uart_tools/sdk_win_64/sdk_win_64/winavr/lib/gcc/../../avr/include/util/delay.h:90:3: warning: #warning "Compiler optimizations disabled; functions from <util/delay.h> won't work as designed"
Finished building: ../main.c
 
Building target: ODC_TEST.elf
Invoking: AVR C Linker
avr-gcc -Wl,-Map,ODC_TEST.map -mmcu=atmega32 -o "ODC_TEST.elf"  ./MCAL/M_Timer_Driver/M_Timer_Driver.o  ./MCAL/M_DIO_Driver/M_DIO_Init.o  ./HAL/H_Seven_Segment/H_Seven_Segment.o  ./HAL/H_LCD_Driver/H_LCD.o  ./HAL/H_KeyPad_Driver/H_KeyPad.o  ./main.o   
Finished building target: ODC_TEST.elf
 
Invoking: AVR Create Extended Listing
avr-objdump -h -S ODC_TEST.elf  >"ODC_TEST.lss"
Finished building: ODC_TEST.lss
 
Invoking: Print Size
avr-size --format=avr --mcu=atmega32 ODC_TEST.elf
AVR Memory Usage
----------------
Device: atmega32

Program:   10932 bytes (33.4% Full)
(.text + .data + .bootloader)

Data:        285 bytes (13.9% Full)
(.data + .bss + .noinit)


Finished building: sizedummy
 
15:12:47 **** Incremental Build of configuration Debug for project ODC_TEST ****
make all 
Building file: ../main.c
Invoking: AVR Compiler
avr-gcc -Wall -g2 -gstabs -O0 -fpack-struct -fshort-enums -ffunction-sections -fdata-sections -std=gnu99 -funsigned-char -funsigned-bitfields -mmcu=atmega32 -DF_CPU=1000000UL -MMD -MP -MF"main.d" -MT"main.o" -c -o "main.o" "../main.c"
In file included from ../main.c:5:
e:/embedded/amit/uart_tools/sdk_win_64/sdk_win_64/winavr/lib/gcc/../../avr/include/util/delay.h:90:3: warning: #warning "Compiler optimizations disabled; functions from <util/delay.h> won't work as designed"
Finished building: ../main.c
 
Building target: ODC_TEST.elf
Invoking: AVR C Linker
avr-gcc -Wl,-Map,ODC_TEST.map -mmcu=atmega32 -o "ODC_TEST.elf"  ./MCAL/M_Timer_Driver/M_Timer_Driver.o  ./MCAL/M_DIO_Driver/M_DIO_Init.o  ./HAL/H_Seven_Segment/H_Seven_Segment.o  ./HAL/H_LCD_Driver/H_LCD.o  ./HAL/H_KeyPad_Driver/H_KeyPad.o  ./main.o   
Finished building target: ODC_TEST.elf
 
Invoking: AVR Create Extended Listing
avr-objdump -h -S ODC_TEST.elf  >"ODC_TEST.lss"
Finished building: ODC_TEST.lss
 
Invoking: Print Size
avr-size --format=avr --mcu=atmega32 ODC_TEST.elf
AVR Memory Usage
----------------
Device: atmega32

Program:   10932 bytes (33.4% Full)
(.text + .data + .bootloader)

Data:        285 bytes (13.9% Full)
(.data + .bss + .noinit)


Finished building: sizedummy
 
15:14:00 **** Incremental Build of configuration Debug for project ODC_TEST ****
make all 
Building file: ../main.c
Invoking: AVR Compiler
avr-gcc -Wall -g2 -gstabs -O0 -fpack-struct -fshort-enums -ffunction-sections -fdata-sections -std=gnu99 -funsigned-char -funsigned-bitfields -mmcu=atmega32 -DF_CPU=1000000UL -MMD -MP -MF"main.d" -MT"main.o" -c -o "main.o" "../main.c"
In file included from ../main.c:5:
e:/embedded/amit/uart_tools/sdk_win_64/sdk_win_64/winavr/lib/gcc/../../avr/include/util/delay.h:90:3: warning: #warning "Compiler optimizations disabled; functions from <util/delay.h> won't work as designed"
Finished building: ../main.c
 
Building target: ODC_TEST.elf
Invoking: AVR C Linker
avr-gcc -Wl,-Map,ODC_TEST.map -mmcu=atmega32 -o "ODC_TEST.elf"  ./MCAL/M_Timer_Driver/M_Timer_Driver.o  ./MCAL/M_DIO_Driver/M_DIO_Init.o  ./HAL/H_Seven_Segment/H_Seven_Segment.o  ./HAL/H_LCD_Driver/H_LCD.o  ./HAL/H_KeyPad_Driver/H_KeyPad.o  ./main.o   
Finished building target: ODC_TEST.elf
 
Invoking: AVR Create Extended Listing
avr-objdump -h -S ODC_TEST.elf  >"ODC_TEST.lss"
Finished building: ODC_TEST.lss
 
Invoking: Print Size
avr-size --format=avr --mcu=atmega32 ODC_TEST.elf
AVR Memory Usage
----------------
Device: atmega32

Program:   10966 bytes (33.5% Full)
(.text + .data + .bootloader)

Data:        286 bytes (14.0% Full)
(.data + .bss + .noinit)


Finished building: sizedummy
 
